<?xml version="1.0" encoding="UTF-8"?>
<testng-results skipped="0" failed="0" total="1" passed="1">
  <reporter-output>
    <line>
      <![CDATA[<div "featureFile">Feature File: Login.feature</div>]]>
    </line>
    <line>
      <![CDATA[<div "feature">Feature: OrangeHRM login</div>]]>
    </line>
    <line>
      <![CDATA[<div "scenario">Scenario: login with valid credientials</div>]]>
    </line>
    <line>
      <![CDATA[<div "result">Given  visit OrangeHRM login page (passed : 24s)</div>]]>
    </line>
    <line>
      <![CDATA[<div "result">When  enter the username &quot;linda.anderson&quot; and password &quot;linda.anderson&quot; (passed : 1s)</div>]]>
    </line>
    <line>
      <![CDATA[<div "result">And  click on the Login button (passed : 4s)</div>]]>
    </line>
    <line>
      <![CDATA[<div "result">Then  user should able to see the orangeHRM homepage with welcome message &quot;Welcome Linda&quot; (passed : 0s)</div>]]>
    </line>
    <line>
      <![CDATA[<div "scenario">Scenario: login with Invalid credentials</div>]]>
    </line>
    <line>
      <![CDATA[<div "result">Given  visit OrangeHRM login page (passed : 15s)</div>]]>
    </line>
    <line>
      <![CDATA[<div "result">When  enter the username &quot;user&quot; and password &quot;&quot; (passed : 0s)</div>]]>
    </line>
    <line>
      <![CDATA[<div "result">And  click on the Login button (passed : 0s)</div>]]>
    </line>
  </reporter-output>
  <suite name="Suite" duration-ms="52873" started-at="2017-04-04T11:06:43Z" finished-at="2017-04-04T11:07:36Z">
    <groups>
      <group name="cucumber">
        <method signature="AbstractTestNGCucumberTests.run_cukes()[pri:0, instance:com.cucumber.runner.Runner@51081592]" name="run_cukes" class="cucumber.api.testng.AbstractTestNGCucumberTests"/>
      </group> <!-- cucumber -->
    </groups>
    <test name="OrangeHRM TestCases" duration-ms="52873" started-at="2017-04-04T11:06:43Z" finished-at="2017-04-04T11:07:36Z">
      <class name="com.cucumber.runner.Runner">
        <test-method status="PASS" signature="run_cukes()[pri:0, instance:com.cucumber.runner.Runner@51081592]" name="run_cukes" duration-ms="52813" started-at="2017-04-04T16:36:43Z" description="Runs Cucumber Features" finished-at="2017-04-04T16:37:36Z">
          <reporter-output>
            <line>
              <![CDATA[<div "featureFile">Feature File: Login.feature</div>]]>
            </line>
            <line>
              <![CDATA[<div "feature">Feature: OrangeHRM login</div>]]>
            </line>
            <line>
              <![CDATA[<div "scenario">Scenario: login with valid credientials</div>]]>
            </line>
            <line>
              <![CDATA[<div "result">Given  visit OrangeHRM login page (passed : 24s)</div>]]>
            </line>
            <line>
              <![CDATA[<div "result">When  enter the username &quot;linda.anderson&quot; and password &quot;linda.anderson&quot; (passed : 1s)</div>]]>
            </line>
            <line>
              <![CDATA[<div "result">And  click on the Login button (passed : 4s)</div>]]>
            </line>
            <line>
              <![CDATA[<div "result">Then  user should able to see the orangeHRM homepage with welcome message &quot;Welcome Linda&quot; (passed : 0s)</div>]]>
            </line>
            <line>
              <![CDATA[<div "scenario">Scenario: login with Invalid credentials</div>]]>
            </line>
            <line>
              <![CDATA[<div "result">Given  visit OrangeHRM login page (passed : 15s)</div>]]>
            </line>
            <line>
              <![CDATA[<div "result">When  enter the username &quot;user&quot; and password &quot;&quot; (passed : 0s)</div>]]>
            </line>
            <line>
              <![CDATA[<div "result">And  click on the Login button (passed : 0s)</div>]]>
            </line>
          </reporter-output>
        </test-method> <!-- run_cukes -->
        <test-method status="PASS" signature="teardown()[pri:0, instance:com.cucumber.runner.Runner@51081592]" name="teardown" is-config="true" duration-ms="188" started-at="2017-04-04T16:37:36Z" finished-at="2017-04-04T16:37:36Z">
          <reporter-output>
          </reporter-output>
        </test-method> <!-- teardown -->
      </class> <!-- com.cucumber.runner.Runner -->
    </test> <!-- OrangeHRM TestCases -->
  </suite> <!-- Suite -->
</testng-results>
